2011-02-13 17:12:52 Debug: Notice (1024): Please change the value of 'Security.salt' in app/config/core.php to a salt value specific to your application in [C:\wamp\www\saib\cake\libs\debugger.php, line 684]
2011-02-13 17:12:52 Debug: Notice (1024): Please change the value of 'Security.cipherSeed' in app/config/core.php to a numeric (digits only) seed value specific to your application in [C:\wamp\www\saib\cake\libs\debugger.php, line 688]
2011-02-17 03:39:25 Debug: Notice (8): Undefined property: View::$server_info in [C:\wamp\www\saib\app\views\index\index.ctp, line 5]
2011-02-17 03:42:45 Debug: Notice (8): Undefined property: View::$server_info in [C:\wamp\www\saib\app\views\index\index.ctp, line 5]
2011-02-17 03:44:01 Debug: Notice (8): Undefined property: View::$server_info in [C:\wamp\www\saib\app\views\index\index.ctp, line 5]
2011-02-20 23:58:52 Debug: Notice (8): Undefined variable: paran in [C:\wamp\www\saib\app\controllers\prueba_controller.php, line 10]
2011-02-21 00:01:33 Debug: Notice (8): Trying to get property of non-object in [C:\wamp\www\saib\app\controllers\prueba_controller.php, line 10]
2011-03-07 23:19:48 Debug: Notice (8): Undefined variable: url_img in [C:\wamp\www\saib\app\views\index\index.ctp, line 12]
2011-03-07 23:19:48 Debug: Notice (8): Undefined variable: url_img in [C:\wamp\www\saib\app\views\index\index.ctp, line 13]
2011-03-07 23:19:48 Debug: Notice (8): Undefined variable: url_img in [C:\wamp\www\saib\app\views\index\index.ctp, line 14]
2011-03-07 23:19:48 Debug: Notice (8): Undefined variable: url_img in [C:\wamp\www\saib\app\views\index\index.ctp, line 16]
2011-03-07 23:19:48 Debug: Notice (8): Undefined variable: url_img in [C:\wamp\www\saib\app\views\index\index.ctp, line 18]
2011-03-07 23:19:48 Debug: Notice (8): Undefined variable: url_img in [C:\wamp\www\saib\app\views\index\index.ctp, line 20]
2011-03-07 23:19:48 Debug: Notice (8): Undefined variable: url_img in [C:\wamp\www\saib\app\views\index\index.ctp, line 22]
2011-03-07 23:19:48 Debug: Notice (8): Undefined variable: url_img in [C:\wamp\www\saib\app\views\index\index.ctp, line 25]
2011-03-07 23:19:48 Debug: Notice (8): Undefined variable: url_img in [C:\wamp\www\saib\app\views\index\index.ctp, line 27]
2011-03-07 23:19:48 Debug: Notice (8): Undefined variable: url_img in [C:\wamp\www\saib\app\views\index\index.ctp, line 28]
2011-03-07 23:19:48 Debug: Notice (8): Undefined variable: url_img in [C:\wamp\www\saib\app\views\index\index.ctp, line 29]
2011-03-07 23:19:48 Debug: Notice (8): Undefined variable: url_img in [C:\wamp\www\saib\app\views\index\index.ctp, line 31]
2011-03-07 23:19:48 Debug: Notice (8): Undefined variable: url_img in [C:\wamp\www\saib\app\views\index\index.ctp, line 33]
2011-03-07 23:19:48 Debug: Notice (8): Undefined variable: url_img in [C:\wamp\www\saib\app\views\index\index.ctp, line 37]
2011-03-07 23:19:48 Debug: Notice (8): Undefined variable: url_img in [C:\wamp\www\saib\app\views\index\index.ctp, line 38]
2011-03-07 23:19:48 Debug: Notice (8): Undefined variable: url_img in [C:\wamp\www\saib\app\views\index\index.ctp, line 39]
2011-03-07 23:19:48 Debug: Notice (8): Undefined variable: url_img in [C:\wamp\www\saib\app\views\index\index.ctp, line 41]
2011-03-07 23:19:49 Debug: Notice (8): Undefined variable: url_img in [C:\wamp\www\saib\app\views\index\index.ctp, line 43]
2011-03-07 23:19:49 Debug: Notice (8): Undefined variable: url_img in [C:\wamp\www\saib\app\views\index\index.ctp, line 45]
2011-03-07 23:19:49 Debug: Notice (8): Undefined variable: url_img in [C:\wamp\www\saib\app\views\index\index.ctp, line 47]
2011-03-07 23:19:49 Debug: Notice (8): Undefined variable: url_img in [C:\wamp\www\saib\app\views\index\index.ctp, line 48]
2011-03-07 23:19:49 Debug: Notice (8): Undefined variable: url_img in [C:\wamp\www\saib\app\views\index\index.ctp, line 49]
2011-03-07 23:19:49 Debug: Notice (8): Undefined variable: url_img in [C:\wamp\www\saib\app\views\index\index.ctp, line 51]
2011-03-07 23:19:49 Debug: Notice (8): Undefined variable: url_img in [C:\wamp\www\saib\app\views\index\index.ctp, line 52]
2011-03-07 23:19:49 Debug: Notice (8): Undefined variable: url_img in [C:\wamp\www\saib\app\views\index\index.ctp, line 53]
2011-03-07 23:19:49 Debug: Notice (8): Undefined variable: url_img in [C:\wamp\www\saib\app\views\index\index.ctp, line 55]
2011-03-07 23:19:49 Debug: Notice (8): Undefined variable: url_img in [C:\wamp\www\saib\app\views\index\index.ctp, line 57]
2011-03-07 23:19:49 Debug: Notice (8): Undefined variable: url_img in [C:\wamp\www\saib\app\views\index\index.ctp, line 61]
2011-03-07 23:19:49 Debug: Notice (8): Undefined variable: url_img in [C:\wamp\www\saib\app\views\index\index.ctp, line 62]
2011-03-07 23:19:49 Debug: Notice (8): Undefined variable: url_img in [C:\wamp\www\saib\app\views\index\index.ctp, line 63]
2011-03-07 23:19:49 Debug: Notice (8): Undefined variable: url_img in [C:\wamp\www\saib\app\views\index\index.ctp, line 65]
2011-03-07 23:19:49 Debug: Notice (8): Undefined variable: url_img in [C:\wamp\www\saib\app\views\index\index.ctp, line 67]
2011-03-07 23:19:49 Debug: Notice (8): Undefined variable: url_img in [C:\wamp\www\saib\app\views\index\index.ctp, line 69]
2011-03-07 23:19:49 Debug: Notice (8): Undefined variable: url_img in [C:\wamp\www\saib\app\views\index\index.ctp, line 71]
2011-03-07 23:19:49 Debug: Notice (8): Undefined variable: url_img in [C:\wamp\www\saib\app\views\index\index.ctp, line 72]
2011-03-07 23:19:49 Debug: Notice (8): Undefined variable: url_img in [C:\wamp\www\saib\app\views\index\index.ctp, line 73]
2011-03-07 23:19:49 Debug: Notice (8): Undefined variable: url_img in [C:\wamp\www\saib\app\views\index\index.ctp, line 75]
2011-03-07 23:19:49 Debug: Notice (8): Undefined variable: url_img in [C:\wamp\www\saib\app\views\index\index.ctp, line 76]
2011-03-07 23:19:49 Debug: Notice (8): Undefined variable: url_img in [C:\wamp\www\saib\app\views\index\index.ctp, line 77]
2011-03-07 23:19:49 Debug: Notice (8): Undefined variable: url_img in [C:\wamp\www\saib\app\views\index\index.ctp, line 79]
2011-03-07 23:19:49 Debug: Notice (8): Undefined variable: url_img in [C:\wamp\www\saib\app\views\index\index.ctp, line 81]
2011-03-07 23:19:49 Debug: Notice (8): Undefined variable: url_img in [C:\wamp\www\saib\app\views\index\index.ctp, line 84]
2011-03-07 23:19:49 Debug: Notice (8): Undefined variable: url_img in [C:\wamp\www\saib\app\views\index\index.ctp, line 85]
2011-03-07 23:19:49 Debug: Notice (8): Undefined variable: url_img in [C:\wamp\www\saib\app\views\index\index.ctp, line 87]
2011-03-07 23:19:49 Debug: Notice (8): Undefined variable: url_img in [C:\wamp\www\saib\app\views\index\index.ctp, line 89]
2011-03-07 23:19:49 Debug: Notice (8): Undefined variable: url_img in [C:\wamp\www\saib\app\views\index\index.ctp, line 91]
2011-03-07 23:19:49 Debug: Notice (8): Undefined variable: url_img in [C:\wamp\www\saib\app\views\index\index.ctp, line 95]
2011-03-07 23:19:49 Debug: Notice (8): Undefined variable: url_img in [C:\wamp\www\saib\app\views\index\index.ctp, line 97]
2011-03-07 23:19:49 Debug: Notice (8): Undefined variable: url_img in [C:\wamp\www\saib\app\views\index\index.ctp, line 99]
2011-03-07 23:19:49 Debug: Notice (8): Undefined variable: url_img in [C:\wamp\www\saib\app\views\index\index.ctp, line 100]
2011-03-07 23:19:49 Debug: Notice (8): Undefined variable: url_img in [C:\wamp\www\saib\app\views\index\index.ctp, line 101]
2011-03-07 23:19:49 Debug: Notice (8): Undefined variable: url_img in [C:\wamp\www\saib\app\views\index\index.ctp, line 103]
2011-03-07 23:19:49 Debug: Notice (8): Undefined variable: url_img in [C:\wamp\www\saib\app\views\index\index.ctp, line 104]
2011-03-07 23:19:49 Debug: Notice (8): Undefined variable: url_img in [C:\wamp\www\saib\app\views\index\index.ctp, line 105]
2011-03-07 23:19:49 Debug: Notice (8): Undefined variable: url_img in [C:\wamp\www\saib\app\views\index\index.ctp, line 107]
2011-03-07 23:19:49 Debug: Notice (8): Undefined variable: url_img in [C:\wamp\www\saib\app\views\index\index.ctp, line 109]
2011-03-07 23:19:49 Debug: Notice (8): Undefined variable: url_img in [C:\wamp\www\saib\app\views\index\index.ctp, line 113]
2011-03-07 23:19:49 Debug: Notice (8): Undefined variable: url_img in [C:\wamp\www\saib\app\views\index\index.ctp, line 114]
2011-03-07 23:19:49 Debug: Notice (8): Undefined variable: url_img in [C:\wamp\www\saib\app\views\index\index.ctp, line 115]
2011-03-07 23:19:49 Debug: Notice (8): Undefined variable: url_img in [C:\wamp\www\saib\app\views\index\index.ctp, line 117]
2011-03-07 23:19:49 Debug: Notice (8): Undefined variable: url_img in [C:\wamp\www\saib\app\views\index\index.ctp, line 122]
2011-03-07 23:19:49 Debug: Notice (8): Undefined variable: url_img in [C:\wamp\www\saib\app\views\index\index.ctp, line 124]
2011-03-07 23:19:49 Debug: Notice (8): Undefined variable: url_img in [C:\wamp\www\saib\app\views\index\index.ctp, line 129]
2011-03-07 23:19:49 Debug: Notice (8): Undefined variable: url_img in [C:\wamp\www\saib\app\views\index\index.ctp, line 130]
2011-03-07 23:19:49 Debug: Notice (8): Undefined variable: url_img in [C:\wamp\www\saib\app\views\index\index.ctp, line 131]
2011-03-07 23:19:49 Debug: Notice (8): Undefined variable: url_img in [C:\wamp\www\saib\app\views\index\index.ctp, line 133]
2011-03-07 23:19:49 Debug: Notice (8): Undefined variable: url_img in [C:\wamp\www\saib\app\views\index\index.ctp, line 134]
2011-03-07 23:19:49 Debug: Notice (8): Undefined variable: url_img in [C:\wamp\www\saib\app\views\index\index.ctp, line 135]
2011-03-07 23:19:49 Debug: Notice (8): Undefined variable: url_img in [C:\wamp\www\saib\app\views\index\index.ctp, line 137]
2011-03-07 23:19:49 Debug: Notice (8): Undefined variable: url_img in [C:\wamp\www\saib\app\views\index\index.ctp, line 139]
2011-03-07 23:19:49 Debug: Notice (8): Undefined variable: url_img in [C:\wamp\www\saib\app\views\index\index.ctp, line 143]
2011-03-07 23:19:49 Debug: Notice (8): Undefined variable: url_img in [C:\wamp\www\saib\app\views\index\index.ctp, line 144]
2011-03-07 23:19:49 Debug: Notice (8): Undefined variable: url_img in [C:\wamp\www\saib\app\views\index\index.ctp, line 145]
2011-03-07 23:19:49 Debug: Notice (8): Undefined variable: url_img in [C:\wamp\www\saib\app\views\index\index.ctp, line 147]
2011-03-07 23:19:49 Debug: Notice (8): Undefined variable: url_img in [C:\wamp\www\saib\app\views\index\index.ctp, line 149]
2011-03-07 23:19:49 Debug: Notice (8): Undefined variable: url_img in [C:\wamp\www\saib\app\views\index\index.ctp, line 151]
2011-03-07 23:19:49 Debug: Notice (8): Undefined variable: url_img in [C:\wamp\www\saib\app\views\index\index.ctp, line 153]
2011-03-07 23:19:49 Debug: Notice (8): Undefined variable: url_img in [C:\wamp\www\saib\app\views\index\index.ctp, line 154]
2011-03-07 23:19:49 Debug: Notice (8): Undefined variable: url_img in [C:\wamp\www\saib\app\views\index\index.ctp, line 155]
2011-03-07 23:19:49 Debug: Notice (8): Undefined variable: url_img in [C:\wamp\www\saib\app\views\index\index.ctp, line 157]
2011-03-07 23:19:49 Debug: Notice (8): Undefined variable: url_img in [C:\wamp\www\saib\app\views\index\index.ctp, line 158]
2011-03-07 23:19:49 Debug: Notice (8): Undefined variable: url_img in [C:\wamp\www\saib\app\views\index\index.ctp, line 159]
2011-03-07 23:19:49 Debug: Notice (8): Undefined variable: url_img in [C:\wamp\www\saib\app\views\index\index.ctp, line 161]
2011-03-07 23:19:49 Debug: Notice (8): Undefined variable: url_img in [C:\wamp\www\saib\app\views\index\index.ctp, line 163]
2011-03-07 23:19:49 Debug: Notice (8): Undefined variable: url_img in [C:\wamp\www\saib\app\views\index\index.ctp, line 167]
2011-03-07 23:19:49 Debug: Notice (8): Undefined variable: url_img in [C:\wamp\www\saib\app\views\index\index.ctp, line 168]
2011-03-07 23:19:49 Debug: Notice (8): Undefined variable: url_img in [C:\wamp\www\saib\app\views\index\index.ctp, line 169]
2011-03-07 23:19:49 Debug: Notice (8): Undefined variable: url_img in [C:\wamp\www\saib\app\views\index\index.ctp, line 171]
2011-03-07 23:19:49 Debug: Notice (8): Undefined variable: url_img in [C:\wamp\www\saib\app\views\index\index.ctp, line 173]
2011-03-07 23:19:49 Debug: Notice (8): Undefined variable: url_img in [C:\wamp\www\saib\app\views\index\index.ctp, line 175]
2011-03-07 23:19:49 Debug: Notice (8): Undefined variable: url_img in [C:\wamp\www\saib\app\views\index\index.ctp, line 181]
2011-03-07 23:19:49 Debug: Notice (8): Undefined variable: url_img in [C:\wamp\www\saib\app\views\index\index.ctp, line 182]
2011-03-07 23:19:49 Debug: Notice (8): Undefined variable: url_img in [C:\wamp\www\saib\app\views\index\index.ctp, line 184]
2011-03-07 23:19:49 Debug: Notice (8): Undefined variable: url_img in [C:\wamp\www\saib\app\views\index\index.ctp, line 185]
2011-03-07 23:19:49 Debug: Notice (8): Undefined variable: url_img in [C:\wamp\www\saib\app\views\index\index.ctp, line 186]
2011-03-07 23:19:49 Debug: Notice (8): Undefined variable: url_img in [C:\wamp\www\saib\app\views\index\index.ctp, line 188]
2011-03-07 23:19:49 Debug: Notice (8): Undefined variable: url_img in [C:\wamp\www\saib\app\views\index\index.ctp, line 190]
2011-03-07 23:19:49 Debug: Notice (8): Undefined variable: url_img in [C:\wamp\www\saib\app\views\index\index.ctp, line 197]
2011-03-07 23:19:49 Debug: Notice (8): Undefined variable: url_img in [C:\wamp\www\saib\app\views\index\index.ctp, line 199]
2011-03-07 23:19:49 Debug: Notice (8): Undefined variable: url_img in [C:\wamp\www\saib\app\views\index\index.ctp, line 202]
2011-03-07 23:19:49 Debug: Notice (8): Undefined variable: url_img in [C:\wamp\www\saib\app\views\index\index.ctp, line 203]
2011-03-07 23:19:49 Debug: Notice (8): Undefined variable: url_img in [C:\wamp\www\saib\app\views\index\index.ctp, line 205]
2011-03-07 23:19:49 Debug: Notice (8): Undefined variable: url_img in [C:\wamp\www\saib\app\views\index\index.ctp, line 207]
2011-03-07 23:19:49 Debug: Notice (8): Undefined variable: url_img in [C:\wamp\www\saib\app\views\index\index.ctp, line 209]
2011-03-07 23:19:49 Debug: Notice (8): Undefined variable: url_img in [C:\wamp\www\saib\app\views\index\index.ctp, line 211]
2011-03-07 23:19:49 Debug: Notice (8): Undefined variable: url_img in [C:\wamp\www\saib\app\views\index\index.ctp, line 212]
2011-03-07 23:19:49 Debug: Notice (8): Undefined variable: url_img in [C:\wamp\www\saib\app\views\index\index.ctp, line 213]
2011-03-07 23:19:49 Debug: Notice (8): Undefined variable: url_img in [C:\wamp\www\saib\app\views\index\index.ctp, line 215]
2011-03-07 23:19:49 Debug: Notice (8): Undefined variable: url_img in [C:\wamp\www\saib\app\views\index\index.ctp, line 216]
2011-03-07 23:19:49 Debug: Notice (8): Undefined variable: url_img in [C:\wamp\www\saib\app\views\index\index.ctp, line 217]
2011-03-07 23:19:49 Debug: Notice (8): Undefined variable: url_img in [C:\wamp\www\saib\app\views\index\index.ctp, line 219]
2011-03-07 23:19:49 Debug: Notice (8): Undefined variable: url_img in [C:\wamp\www\saib\app\views\index\index.ctp, line 223]
2011-03-07 23:19:49 Debug: Notice (8): Undefined variable: url_img in [C:\wamp\www\saib\app\views\index\index.ctp, line 224]
2011-03-07 23:19:49 Debug: Notice (8): Undefined variable: url_img in [C:\wamp\www\saib\app\views\index\index.ctp, line 225]
2011-03-07 23:19:49 Debug: Notice (8): Undefined variable: url_img in [C:\wamp\www\saib\app\views\index\index.ctp, line 227]
2011-03-07 23:19:49 Debug: Notice (8): Undefined variable: url_img in [C:\wamp\www\saib\app\views\index\index.ctp, line 229]
2011-03-07 23:19:49 Debug: Notice (8): Undefined variable: url_img in [C:\wamp\www\saib\app\views\index\index.ctp, line 231]
2011-03-07 23:19:49 Debug: Notice (8): Undefined variable: url_img in [C:\wamp\www\saib\app\views\index\index.ctp, line 236]
2011-03-07 23:19:49 Debug: Notice (8): Undefined variable: url_img in [C:\wamp\www\saib\app\views\index\index.ctp, line 237]
2011-03-07 23:19:49 Debug: Notice (8): Undefined variable: url_img in [C:\wamp\www\saib\app\views\index\index.ctp, line 238]
2011-03-07 23:19:49 Debug: Notice (8): Undefined variable: url_img in [C:\wamp\www\saib\app\views\index\index.ctp, line 240]
2011-03-07 23:19:49 Debug: Notice (8): Undefined variable: url_img in [C:\wamp\www\saib\app\views\index\index.ctp, line 241]
2011-03-07 23:19:49 Debug: Notice (8): Undefined variable: url_img in [C:\wamp\www\saib\app\views\index\index.ctp, line 242]
2011-03-07 23:19:49 Debug: Notice (8): Undefined variable: url_img in [C:\wamp\www\saib\app\views\index\index.ctp, line 244]
2011-03-07 23:19:49 Debug: Notice (8): Undefined variable: url_img in [C:\wamp\www\saib\app\views\index\index.ctp, line 246]
2011-03-07 23:19:49 Debug: Notice (8): Undefined variable: url_img in [C:\wamp\www\saib\app\views\index\index.ctp, line 250]
2011-03-07 23:19:49 Debug: Notice (8): Undefined variable: url_img in [C:\wamp\www\saib\app\views\index\index.ctp, line 251]
2011-03-07 23:19:49 Debug: Notice (8): Undefined variable: url_img in [C:\wamp\www\saib\app\views\index\index.ctp, line 252]
2011-03-07 23:19:49 Debug: Notice (8): Undefined variable: url_img in [C:\wamp\www\saib\app\views\index\index.ctp, line 254]
2011-03-07 23:19:49 Debug: Notice (8): Undefined variable: url_img in [C:\wamp\www\saib\app\views\index\index.ctp, line 256]
2011-03-07 23:19:49 Debug: Notice (8): Undefined variable: url_img in [C:\wamp\www\saib\app\views\index\index.ctp, line 258]
2011-03-07 23:19:49 Debug: Notice (8): Undefined variable: url_img in [C:\wamp\www\saib\app\views\index\index.ctp, line 260]
2011-03-07 23:19:49 Debug: Notice (8): Undefined variable: url_img in [C:\wamp\www\saib\app\views\index\index.ctp, line 261]
2011-03-07 23:19:49 Debug: Notice (8): Undefined variable: url_img in [C:\wamp\www\saib\app\views\index\index.ctp, line 262]
2011-03-07 23:19:49 Debug: Notice (8): Undefined variable: url_img in [C:\wamp\www\saib\app\views\index\index.ctp, line 264]
2011-03-07 23:19:49 Debug: Notice (8): Undefined variable: url_img in [C:\wamp\www\saib\app\views\index\index.ctp, line 265]
2011-03-07 23:19:49 Debug: Notice (8): Undefined variable: url_img in [C:\wamp\www\saib\app\views\index\index.ctp, line 266]
2011-03-07 23:19:49 Debug: Notice (8): Undefined variable: url_img in [C:\wamp\www\saib\app\views\index\index.ctp, line 268]
2011-03-07 23:19:49 Debug: Notice (8): Undefined variable: url_img in [C:\wamp\www\saib\app\views\index\index.ctp, line 270]
2011-03-14 03:21:09 Debug: Notice (8): Undefined variable: url_img in [C:\wamp\www\saib\app\views\admin\index.ctp, line 15]
2011-03-14 03:21:09 Debug: Notice (8): Undefined variable: url_img in [C:\wamp\www\saib\app\views\admin\index.ctp, line 16]
2011-03-14 03:21:09 Debug: Notice (8): Undefined variable: url_img in [C:\wamp\www\saib\app\views\admin\index.ctp, line 17]
2011-03-14 03:21:09 Debug: Notice (8): Undefined variable: url_img in [C:\wamp\www\saib\app\views\admin\index.ctp, line 19]
2011-03-14 03:21:09 Debug: Notice (8): Undefined variable: url_img in [C:\wamp\www\saib\app\views\admin\index.ctp, line 21]
2011-03-14 03:21:09 Debug: Notice (8): Undefined variable: url_img in [C:\wamp\www\saib\app\views\admin\index.ctp, line 23]
2011-03-14 03:21:09 Debug: Notice (8): Undefined variable: url_img in [C:\wamp\www\saib\app\views\admin\index.ctp, line 25]
2011-03-14 03:21:09 Debug: Notice (8): Undefined variable: url_img in [C:\wamp\www\saib\app\views\admin\index.ctp, line 28]
2011-03-14 03:21:09 Debug: Notice (8): Undefined variable: url_img in [C:\wamp\www\saib\app\views\admin\index.ctp, line 30]
2011-03-14 03:21:09 Debug: Notice (8): Undefined variable: url_img in [C:\wamp\www\saib\app\views\admin\index.ctp, line 31]
2011-03-14 03:21:09 Debug: Notice (8): Undefined variable: url_img in [C:\wamp\www\saib\app\views\admin\index.ctp, line 32]
2011-03-14 03:21:09 Debug: Notice (8): Undefined variable: url_img in [C:\wamp\www\saib\app\views\admin\index.ctp, line 34]
2011-03-14 03:21:09 Debug: Notice (8): Undefined variable: url_img in [C:\wamp\www\saib\app\views\admin\index.ctp, line 36]
2011-03-14 03:21:09 Debug: Notice (8): Undefined variable: url_img in [C:\wamp\www\saib\app\views\admin\index.ctp, line 40]
2011-03-14 03:21:09 Debug: Notice (8): Undefined variable: url_img in [C:\wamp\www\saib\app\views\admin\index.ctp, line 41]
2011-03-14 03:21:09 Debug: Notice (8): Undefined variable: url_img in [C:\wamp\www\saib\app\views\admin\index.ctp, line 42]
2011-03-14 03:21:09 Debug: Notice (8): Undefined variable: url_img in [C:\wamp\www\saib\app\views\admin\index.ctp, line 44]
2011-03-14 03:21:09 Debug: Notice (8): Undefined variable: url_img in [C:\wamp\www\saib\app\views\admin\index.ctp, line 46]
2011-03-14 03:21:09 Debug: Notice (8): Undefined variable: url_img in [C:\wamp\www\saib\app\views\admin\index.ctp, line 48]
2011-03-14 03:21:09 Debug: Notice (8): Undefined variable: url_img in [C:\wamp\www\saib\app\views\admin\index.ctp, line 50]
2011-03-14 03:21:09 Debug: Notice (8): Undefined variable: url_img in [C:\wamp\www\saib\app\views\admin\index.ctp, line 51]
2011-03-14 03:21:09 Debug: Notice (8): Undefined variable: url_img in [C:\wamp\www\saib\app\views\admin\index.ctp, line 52]
2011-03-14 03:21:09 Debug: Notice (8): Undefined variable: url_img in [C:\wamp\www\saib\app\views\admin\index.ctp, line 54]
2011-03-14 03:21:09 Debug: Notice (8): Undefined variable: url_img in [C:\wamp\www\saib\app\views\admin\index.ctp, line 55]
2011-03-14 03:21:09 Debug: Notice (8): Undefined variable: url_img in [C:\wamp\www\saib\app\views\admin\index.ctp, line 56]
2011-03-14 03:21:09 Debug: Notice (8): Undefined variable: url_img in [C:\wamp\www\saib\app\views\admin\index.ctp, line 58]
2011-03-14 03:21:09 Debug: Notice (8): Undefined variable: url_img in [C:\wamp\www\saib\app\views\admin\index.ctp, line 60]
2011-03-14 03:21:09 Debug: Notice (8): Undefined variable: url_img in [C:\wamp\www\saib\app\views\admin\index.ctp, line 64]
2011-03-14 03:21:09 Debug: Notice (8): Undefined variable: url_img in [C:\wamp\www\saib\app\views\admin\index.ctp, line 65]
2011-03-14 03:21:09 Debug: Notice (8): Undefined variable: url_img in [C:\wamp\www\saib\app\views\admin\index.ctp, line 66]
2011-03-14 03:21:09 Debug: Notice (8): Undefined variable: url_img in [C:\wamp\www\saib\app\views\admin\index.ctp, line 68]
2011-03-14 03:21:09 Debug: Notice (8): Undefined variable: url_img in [C:\wamp\www\saib\app\views\admin\index.ctp, line 70]
2011-03-14 03:21:09 Debug: Notice (8): Undefined variable: url_img in [C:\wamp\www\saib\app\views\admin\index.ctp, line 72]
2011-03-14 03:21:09 Debug: Notice (8): Undefined variable: url_img in [C:\wamp\www\saib\app\views\admin\index.ctp, line 74]
2011-03-14 03:21:09 Debug: Notice (8): Undefined variable: url_img in [C:\wamp\www\saib\app\views\admin\index.ctp, line 75]
2011-03-14 03:21:09 Debug: Notice (8): Undefined variable: url_img in [C:\wamp\www\saib\app\views\admin\index.ctp, line 76]
2011-03-14 03:21:09 Debug: Notice (8): Undefined variable: url_img in [C:\wamp\www\saib\app\views\admin\index.ctp, line 78]
2011-03-14 03:21:09 Debug: Notice (8): Undefined variable: url_img in [C:\wamp\www\saib\app\views\admin\index.ctp, line 79]
2011-03-14 03:21:10 Debug: Notice (8): Undefined variable: url_img in [C:\wamp\www\saib\app\views\admin\index.ctp, line 80]
2011-03-14 03:21:10 Debug: Notice (8): Undefined variable: url_img in [C:\wamp\www\saib\app\views\admin\index.ctp, line 82]
2011-03-14 03:21:10 Debug: Notice (8): Undefined variable: url_img in [C:\wamp\www\saib\app\views\admin\index.ctp, line 84]
2011-03-14 03:21:10 Debug: Notice (8): Undefined variable: url_img in [C:\wamp\www\saib\app\views\admin\index.ctp, line 87]
2011-03-14 03:21:10 Debug: Notice (8): Undefined variable: url_img in [C:\wamp\www\saib\app\views\admin\index.ctp, line 88]
2011-03-14 03:21:10 Debug: Notice (8): Undefined variable: url_img in [C:\wamp\www\saib\app\views\admin\index.ctp, line 90]
2011-03-14 03:21:10 Debug: Notice (8): Undefined variable: url_img in [C:\wamp\www\saib\app\views\admin\index.ctp, line 92]
2011-03-14 03:21:10 Debug: Notice (8): Undefined variable: url_img in [C:\wamp\www\saib\app\views\admin\index.ctp, line 94]
2011-03-14 03:21:10 Debug: Notice (8): Undefined variable: url_img in [C:\wamp\www\saib\app\views\admin\index.ctp, line 98]
2011-03-14 03:21:10 Debug: Notice (8): Undefined variable: url_img in [C:\wamp\www\saib\app\views\admin\index.ctp, line 100]
2011-03-14 03:21:10 Debug: Notice (8): Undefined variable: url_img in [C:\wamp\www\saib\app\views\admin\index.ctp, line 102]
2011-03-14 03:21:10 Debug: Notice (8): Undefined variable: url_img in [C:\wamp\www\saib\app\views\admin\index.ctp, line 103]
2011-03-14 03:21:10 Debug: Notice (8): Undefined variable: url_img in [C:\wamp\www\saib\app\views\admin\index.ctp, line 104]
2011-03-14 03:21:10 Debug: Notice (8): Undefined variable: url_img in [C:\wamp\www\saib\app\views\admin\index.ctp, line 106]
2011-03-14 03:21:10 Debug: Notice (8): Undefined variable: url_img in [C:\wamp\www\saib\app\views\admin\index.ctp, line 107]
2011-03-14 03:21:10 Debug: Notice (8): Undefined variable: url_img in [C:\wamp\www\saib\app\views\admin\index.ctp, line 108]
2011-03-14 03:21:10 Debug: Notice (8): Undefined variable: url_img in [C:\wamp\www\saib\app\views\admin\index.ctp, line 110]
2011-03-14 03:21:10 Debug: Notice (8): Undefined variable: url_img in [C:\wamp\www\saib\app\views\admin\index.ctp, line 112]
2011-03-14 03:21:10 Debug: Notice (8): Undefined variable: url_img in [C:\wamp\www\saib\app\views\admin\index.ctp, line 116]
2011-03-14 03:21:10 Debug: Notice (8): Undefined variable: url_img in [C:\wamp\www\saib\app\views\admin\index.ctp, line 117]
2011-03-14 03:21:10 Debug: Notice (8): Undefined variable: url_img in [C:\wamp\www\saib\app\views\admin\index.ctp, line 118]
2011-03-14 03:21:10 Debug: Notice (8): Undefined variable: url_img in [C:\wamp\www\saib\app\views\admin\index.ctp, line 120]
2011-03-14 03:21:10 Debug: Notice (8): Undefined variable: url_img in [C:\wamp\www\saib\app\views\admin\index.ctp, line 125]
2011-03-14 03:21:10 Debug: Notice (8): Undefined variable: url_img in [C:\wamp\www\saib\app\views\admin\index.ctp, line 127]
2011-03-14 03:21:10 Debug: Notice (8): Undefined variable: url_img in [C:\wamp\www\saib\app\views\admin\index.ctp, line 132]
2011-03-14 03:21:10 Debug: Notice (8): Undefined variable: url_img in [C:\wamp\www\saib\app\views\admin\index.ctp, line 133]
2011-03-14 03:21:10 Debug: Notice (8): Undefined variable: url_img in [C:\wamp\www\saib\app\views\admin\index.ctp, line 134]
2011-03-14 03:21:10 Debug: Notice (8): Undefined variable: url_img in [C:\wamp\www\saib\app\views\admin\index.ctp, line 136]
2011-03-14 03:21:10 Debug: Notice (8): Undefined variable: url_img in [C:\wamp\www\saib\app\views\admin\index.ctp, line 137]
2011-03-14 03:21:10 Debug: Notice (8): Undefined variable: url_img in [C:\wamp\www\saib\app\views\admin\index.ctp, line 138]
2011-03-14 03:21:10 Debug: Notice (8): Undefined variable: url_img in [C:\wamp\www\saib\app\views\admin\index.ctp, line 140]
2011-03-14 03:21:10 Debug: Notice (8): Undefined variable: url_img in [C:\wamp\www\saib\app\views\admin\index.ctp, line 142]
2011-03-14 03:21:10 Debug: Notice (8): Undefined variable: url_img in [C:\wamp\www\saib\app\views\admin\index.ctp, line 146]
2011-03-14 03:21:10 Debug: Notice (8): Undefined variable: url_img in [C:\wamp\www\saib\app\views\admin\index.ctp, line 147]
2011-03-14 03:21:10 Debug: Notice (8): Undefined variable: url_img in [C:\wamp\www\saib\app\views\admin\index.ctp, line 148]
2011-03-14 03:21:10 Debug: Notice (8): Undefined variable: url_img in [C:\wamp\www\saib\app\views\admin\index.ctp, line 150]
2011-03-14 03:21:10 Debug: Notice (8): Undefined variable: url_img in [C:\wamp\www\saib\app\views\admin\index.ctp, line 152]
2011-03-14 03:21:10 Debug: Notice (8): Undefined variable: url_img in [C:\wamp\www\saib\app\views\admin\index.ctp, line 154]
2011-03-14 03:21:10 Debug: Notice (8): Undefined variable: url_img in [C:\wamp\www\saib\app\views\admin\index.ctp, line 156]
2011-03-14 03:21:10 Debug: Notice (8): Undefined variable: url_img in [C:\wamp\www\saib\app\views\admin\index.ctp, line 157]
2011-03-14 03:21:10 Debug: Notice (8): Undefined variable: url_img in [C:\wamp\www\saib\app\views\admin\index.ctp, line 158]
2011-03-14 03:21:10 Debug: Notice (8): Undefined variable: url_img in [C:\wamp\www\saib\app\views\admin\index.ctp, line 160]
2011-03-14 03:21:10 Debug: Notice (8): Undefined variable: url_img in [C:\wamp\www\saib\app\views\admin\index.ctp, line 161]
2011-03-14 03:21:10 Debug: Notice (8): Undefined variable: url_img in [C:\wamp\www\saib\app\views\admin\index.ctp, line 162]
2011-03-14 03:21:10 Debug: Notice (8): Undefined variable: url_img in [C:\wamp\www\saib\app\views\admin\index.ctp, line 164]
2011-03-14 03:21:10 Debug: Notice (8): Undefined variable: url_img in [C:\wamp\www\saib\app\views\admin\index.ctp, line 166]
2011-03-14 03:21:10 Debug: Notice (8): Undefined variable: url_img in [C:\wamp\www\saib\app\views\admin\index.ctp, line 170]
2011-03-14 03:21:10 Debug: Notice (8): Undefined variable: url_img in [C:\wamp\www\saib\app\views\admin\index.ctp, line 171]
2011-03-14 03:21:10 Debug: Notice (8): Undefined variable: url_img in [C:\wamp\www\saib\app\views\admin\index.ctp, line 172]
2011-03-14 03:21:10 Debug: Notice (8): Undefined variable: url_img in [C:\wamp\www\saib\app\views\admin\index.ctp, line 174]
2011-03-14 03:21:10 Debug: Notice (8): Undefined variable: url_img in [C:\wamp\www\saib\app\views\admin\index.ctp, line 176]
2011-03-14 03:21:10 Debug: Notice (8): Undefined variable: url_img in [C:\wamp\www\saib\app\views\admin\index.ctp, line 178]
2011-03-14 03:21:10 Debug: Notice (8): Undefined variable: url_img in [C:\wamp\www\saib\app\views\admin\index.ctp, line 187]
2011-03-14 03:21:10 Debug: Notice (8): Undefined variable: url_img in [C:\wamp\www\saib\app\views\admin\index.ctp, line 188]
2011-03-14 03:21:10 Debug: Notice (8): Undefined variable: url_img in [C:\wamp\www\saib\app\views\admin\index.ctp, line 190]
2011-03-14 03:21:10 Debug: Notice (8): Undefined variable: url_img in [C:\wamp\www\saib\app\views\admin\index.ctp, line 191]
2011-03-14 03:21:10 Debug: Notice (8): Undefined variable: url_img in [C:\wamp\www\saib\app\views\admin\index.ctp, line 192]
2011-03-14 03:21:10 Debug: Notice (8): Undefined variable: url_img in [C:\wamp\www\saib\app\views\admin\index.ctp, line 194]
2011-03-14 03:21:10 Debug: Notice (8): Undefined variable: url_img in [C:\wamp\www\saib\app\views\admin\index.ctp, line 196]
2011-03-14 03:21:10 Debug: Notice (8): Undefined variable: url_img in [C:\wamp\www\saib\app\views\admin\index.ctp, line 220]
2011-03-14 03:21:10 Debug: Notice (8): Undefined variable: url_img in [C:\wamp\www\saib\app\views\admin\index.ctp, line 222]
2011-03-14 03:21:10 Debug: Notice (8): Undefined variable: url_img in [C:\wamp\www\saib\app\views\admin\index.ctp, line 225]
2011-03-14 03:21:10 Debug: Notice (8): Undefined variable: url_img in [C:\wamp\www\saib\app\views\admin\index.ctp, line 226]
2011-03-14 03:21:10 Debug: Notice (8): Undefined variable: url_img in [C:\wamp\www\saib\app\views\admin\index.ctp, line 228]
2011-03-14 03:21:10 Debug: Notice (8): Undefined variable: url_img in [C:\wamp\www\saib\app\views\admin\index.ctp, line 230]
2011-03-14 03:21:10 Debug: Notice (8): Undefined variable: url_img in [C:\wamp\www\saib\app\views\admin\index.ctp, line 232]
2011-03-14 03:21:10 Debug: Notice (8): Undefined variable: url_img in [C:\wamp\www\saib\app\views\admin\index.ctp, line 234]
2011-03-14 03:21:10 Debug: Notice (8): Undefined variable: url_img in [C:\wamp\www\saib\app\views\admin\index.ctp, line 235]
2011-03-14 03:21:10 Debug: Notice (8): Undefined variable: url_img in [C:\wamp\www\saib\app\views\admin\index.ctp, line 236]
2011-03-14 03:21:10 Debug: Notice (8): Undefined variable: url_img in [C:\wamp\www\saib\app\views\admin\index.ctp, line 238]
2011-03-14 03:21:10 Debug: Notice (8): Undefined variable: url_img in [C:\wamp\www\saib\app\views\admin\index.ctp, line 239]
2011-03-14 03:21:10 Debug: Notice (8): Undefined variable: url_img in [C:\wamp\www\saib\app\views\admin\index.ctp, line 240]
2011-03-14 03:21:10 Debug: Notice (8): Undefined variable: url_img in [C:\wamp\www\saib\app\views\admin\index.ctp, line 242]
2011-03-14 03:21:10 Debug: Notice (8): Undefined variable: url_img in [C:\wamp\www\saib\app\views\admin\index.ctp, line 246]
2011-03-14 03:21:10 Debug: Notice (8): Undefined variable: url_img in [C:\wamp\www\saib\app\views\admin\index.ctp, line 247]
2011-03-14 03:21:10 Debug: Notice (8): Undefined variable: url_img in [C:\wamp\www\saib\app\views\admin\index.ctp, line 248]
2011-03-14 03:21:10 Debug: Notice (8): Undefined variable: url_img in [C:\wamp\www\saib\app\views\admin\index.ctp, line 250]
2011-03-14 03:21:10 Debug: Notice (8): Undefined variable: url_img in [C:\wamp\www\saib\app\views\admin\index.ctp, line 252]
2011-03-14 03:21:10 Debug: Notice (8): Undefined variable: url_img in [C:\wamp\www\saib\app\views\admin\index.ctp, line 254]
2011-03-14 03:21:10 Debug: Notice (8): Undefined variable: url_img in [C:\wamp\www\saib\app\views\admin\index.ctp, line 259]
2011-03-14 03:21:10 Debug: Notice (8): Undefined variable: url_img in [C:\wamp\www\saib\app\views\admin\index.ctp, line 260]
2011-03-14 03:21:10 Debug: Notice (8): Undefined variable: url_img in [C:\wamp\www\saib\app\views\admin\index.ctp, line 261]
2011-03-14 03:21:10 Debug: Notice (8): Undefined variable: url_img in [C:\wamp\www\saib\app\views\admin\index.ctp, line 263]
2011-03-14 03:21:10 Debug: Notice (8): Undefined variable: url_img in [C:\wamp\www\saib\app\views\admin\index.ctp, line 264]
2011-03-14 03:21:10 Debug: Notice (8): Undefined variable: url_img in [C:\wamp\www\saib\app\views\admin\index.ctp, line 265]
2011-03-14 03:21:10 Debug: Notice (8): Undefined variable: url_img in [C:\wamp\www\saib\app\views\admin\index.ctp, line 267]
2011-03-14 03:21:10 Debug: Notice (8): Undefined variable: url_img in [C:\wamp\www\saib\app\views\admin\index.ctp, line 269]
2011-03-14 03:21:10 Debug: Notice (8): Undefined variable: url_img in [C:\wamp\www\saib\app\views\admin\index.ctp, line 273]
2011-03-14 03:21:10 Debug: Notice (8): Undefined variable: url_img in [C:\wamp\www\saib\app\views\admin\index.ctp, line 274]
2011-03-14 03:21:10 Debug: Notice (8): Undefined variable: url_img in [C:\wamp\www\saib\app\views\admin\index.ctp, line 275]
2011-03-14 03:21:10 Debug: Notice (8): Undefined variable: url_img in [C:\wamp\www\saib\app\views\admin\index.ctp, line 277]
2011-03-14 03:21:10 Debug: Notice (8): Undefined variable: url_img in [C:\wamp\www\saib\app\views\admin\index.ctp, line 279]
2011-03-14 03:21:10 Debug: Notice (8): Undefined variable: url_img in [C:\wamp\www\saib\app\views\admin\index.ctp, line 281]
2011-03-14 03:21:10 Debug: Notice (8): Undefined variable: url_img in [C:\wamp\www\saib\app\views\admin\index.ctp, line 283]
2011-03-14 03:21:10 Debug: Notice (8): Undefined variable: url_img in [C:\wamp\www\saib\app\views\admin\index.ctp, line 284]
2011-03-14 03:21:10 Debug: Notice (8): Undefined variable: url_img in [C:\wamp\www\saib\app\views\admin\index.ctp, line 285]
2011-03-14 03:21:10 Debug: Notice (8): Undefined variable: url_img in [C:\wamp\www\saib\app\views\admin\index.ctp, line 287]
2011-03-14 03:21:10 Debug: Notice (8): Undefined variable: url_img in [C:\wamp\www\saib\app\views\admin\index.ctp, line 288]
2011-03-14 03:21:10 Debug: Notice (8): Undefined variable: url_img in [C:\wamp\www\saib\app\views\admin\index.ctp, line 289]
2011-03-14 03:21:10 Debug: Notice (8): Undefined variable: url_img in [C:\wamp\www\saib\app\views\admin\index.ctp, line 291]
2011-03-14 03:21:10 Debug: Notice (8): Undefined variable: url_img in [C:\wamp\www\saib\app\views\admin\index.ctp, line 293]
